Analysis & Synthesis report for mips
Fri Nov 18 14:47:59 2022
Quartus Prime Version 20.1.0 Build 711 06/05/2020 SJ Lite Edition


---------------------
; Table of Contents ;
---------------------
  1. Legal Notice
  2. Analysis & Synthesis Summary
  3. Analysis & Synthesis Settings
  4. Parallel Compilation
  5. Analysis & Synthesis Source Files Read
  6. Analysis & Synthesis Resource Usage Summary
  7. Analysis & Synthesis Resource Utilization by Entity
  8. General Register Statistics
  9. Multiplexer Restructuring Statistics (Restructuring Performed)
 10. Port Connectivity Checks: "ULA_1bit:ULA_BIT31"
 11. Port Connectivity Checks: "ULA_1bit:ULA_BIT30"
 12. Port Connectivity Checks: "ULA_1bit:ULA_BIT29"
 13. Port Connectivity Checks: "ULA_1bit:ULA_BIT28"
 14. Port Connectivity Checks: "ULA_1bit:ULA_BIT27"
 15. Port Connectivity Checks: "ULA_1bit:ULA_BIT26"
 16. Port Connectivity Checks: "ULA_1bit:ULA_BIT25"
 17. Port Connectivity Checks: "ULA_1bit:ULA_BIT24"
 18. Port Connectivity Checks: "ULA_1bit:ULA_BIT23"
 19. Port Connectivity Checks: "ULA_1bit:ULA_BIT22"
 20. Port Connectivity Checks: "ULA_1bit:ULA_BIT21"
 21. Port Connectivity Checks: "ULA_1bit:ULA_BIT20"
 22. Port Connectivity Checks: "ULA_1bit:ULA_BIT19"
 23. Port Connectivity Checks: "ULA_1bit:ULA_BIT18"
 24. Port Connectivity Checks: "ULA_1bit:ULA_BIT17"
 25. Port Connectivity Checks: "ULA_1bit:ULA_BIT16"
 26. Port Connectivity Checks: "ULA_1bit:ULA_BIT15"
 27. Port Connectivity Checks: "ULA_1bit:ULA_BIT14"
 28. Port Connectivity Checks: "ULA_1bit:ULA_BIT13"
 29. Port Connectivity Checks: "ULA_1bit:ULA_BIT12"
 30. Port Connectivity Checks: "ULA_1bit:ULA_BIT11"
 31. Port Connectivity Checks: "ULA_1bit:ULA_BIT10"
 32. Port Connectivity Checks: "ULA_1bit:ULA_BIT9"
 33. Port Connectivity Checks: "ULA_1bit:ULA_BIT8"
 34. Port Connectivity Checks: "ULA_1bit:ULA_BIT7"
 35. Port Connectivity Checks: "ULA_1bit:ULA_BIT6"
 36. Port Connectivity Checks: "ULA_1bit:ULA_BIT5"
 37. Port Connectivity Checks: "ULA_1bit:ULA_BIT4"
 38. Port Connectivity Checks: "ULA_1bit:ULA_BIT3"
 39. Port Connectivity Checks: "ULA_1bit:ULA_BIT2"
 40. Port Connectivity Checks: "ULA_1bit:ULA_BIT1"
 41. Post-Synthesis Netlist Statistics for Top Partition
 42. Elapsed Time Per Partition
 43. Analysis & Synthesis Messages



----------------
; Legal Notice ;
----------------
Copyright (C) 2020  Intel Corporation. All rights reserved.
Your use of Intel Corporation's design tools, logic functions 
and other software and tools, and any partner logic 
functions, and any output files from any of the foregoing 
(including device programming or simulation files), and any 
associated documentation or information are expressly subject 
to the terms and conditions of the Intel Program License 
Subscription Agreement, the Intel Quartus Prime License Agreement,
the Intel FPGA IP License Agreement, or other applicable license
agreement, including, without limitation, that your use is for
the sole purpose of programming logic devices manufactured by
Intel and sold by Intel or its authorized distributors.  Please
refer to the applicable agreement for further details, at
https://fpgasoftware.intel.com/eula.



+-------------------------------------------------------------------------------+
; Analysis & Synthesis Summary                                                  ;
+---------------------------------+---------------------------------------------+
; Analysis & Synthesis Status     ; Successful - Fri Nov 18 14:47:59 2022       ;
; Quartus Prime Version           ; 20.1.0 Build 711 06/05/2020 SJ Lite Edition ;
; Revision Name                   ; mips                                        ;
; Top-level Entity Name           ; ULA                                         ;
; Family                          ; Cyclone V                                   ;
; Logic utilization (in ALMs)     ; N/A                                         ;
; Total registers                 ; 0                                           ;
; Total pins                      ; 102                                         ;
; Total virtual pins              ; 0                                           ;
; Total block memory bits         ; 0                                           ;
; Total DSP Blocks                ; 0                                           ;
; Total HSSI RX PCSs              ; 0                                           ;
; Total HSSI PMA RX Deserializers ; 0                                           ;
; Total HSSI TX PCSs              ; 0                                           ;
; Total HSSI PMA TX Serializers   ; 0                                           ;
; Total PLLs                      ; 0                                           ;
; Total DLLs                      ; 0                                           ;
+---------------------------------+---------------------------------------------+


+---------------------------------------------------------------------------------------------------------------------------+
; Analysis & Synthesis Settings                                                                                             ;
+---------------------------------------------------------------------------------+--------------------+--------------------+
; Option                                                                          ; Setting            ; Default Value      ;
+---------------------------------------------------------------------------------+--------------------+--------------------+
; Device                                                                          ; 5CEBA4F23C7        ;                    ;
; Top-level entity name                                                           ; ULA                ; mips               ;
; Family name                                                                     ; Cyclone V          ; Cyclone V          ;
; VHDL Show LMF Mapping Messages                                                  ; Off                ;                    ;
; VHDL Version                                                                    ; VHDL_2008          ; VHDL_1993          ;
; Use smart compilation                                                           ; Off                ; Off                ;
; Enable parallel Assembler and Timing Analyzer during compilation                ; On                 ; On                 ;
; Enable compact report table                                                     ; Off                ; Off                ;
; Restructure Multiplexers                                                        ; Auto               ; Auto               ;
; MLAB Add Timing Constraints For Mixed-Port Feed-Through Mode Setting Don't Care ; Off                ; Off                ;
; Create Debugging Nodes for IP Cores                                             ; Off                ; Off                ;
; Preserve fewer node names                                                       ; On                 ; On                 ;
; Intel FPGA IP Evaluation Mode                                                   ; Enable             ; Enable             ;
; Verilog Version                                                                 ; Verilog_2001       ; Verilog_2001       ;
; State Machine Processing                                                        ; Auto               ; Auto               ;
; Safe State Machine                                                              ; Off                ; Off                ;
; Extract Verilog State Machines                                                  ; On                 ; On                 ;
; Extract VHDL State Machines                                                     ; On                 ; On                 ;
; Ignore Verilog initial constructs                                               ; Off                ; Off                ;
; Iteration limit for constant Verilog loops                                      ; 5000               ; 5000               ;
; Iteration limit for non-constant Verilog loops                                  ; 250                ; 250                ;
; Add Pass-Through Logic to Inferred RAMs                                         ; On                 ; On                 ;
; Infer RAMs from Raw Logic                                                       ; On                 ; On                 ;
; Parallel Synthesis                                                              ; On                 ; On                 ;
; DSP Block Balancing                                                             ; Auto               ; Auto               ;
; NOT Gate Push-Back                                                              ; On                 ; On                 ;
; Power-Up Don't Care                                                             ; On                 ; On                 ;
; Remove Redundant Logic Cells                                                    ; Off                ; Off                ;
; Remove Duplicate Registers                                                      ; On                 ; On                 ;
; Ignore CARRY Buffers                                                            ; Off                ; Off                ;
; Ignore CASCADE Buffers                                                          ; Off                ; Off                ;
; Ignore GLOBAL Buffers                                                           ; Off                ; Off                ;
; Ignore ROW GLOBAL Buffers                                                       ; Off                ; Off                ;
; Ignore LCELL Buffers                                                            ; Off                ; Off                ;
; Ignore SOFT Buffers                                                             ; On                 ; On                 ;
; Limit AHDL Integers to 32 Bits                                                  ; Off                ; Off                ;
; Optimization Technique                                                          ; Balanced           ; Balanced           ;
; Carry Chain Length                                                              ; 70                 ; 70                 ;
; Auto Carry Chains                                                               ; On                 ; On                 ;
; Auto Open-Drain Pins                                                            ; On                 ; On                 ;
; Perform WYSIWYG Primitive Resynthesis                                           ; Off                ; Off                ;
; Auto ROM Replacement                                                            ; On                 ; On                 ;
; Auto RAM Replacement                                                            ; On                 ; On                 ;
; Auto DSP Block Replacement                                                      ; On                 ; On                 ;
; Auto Shift Register Replacement                                                 ; Auto               ; Auto               ;
; Allow Shift Register Merging across Hierarchies                                 ; Auto               ; Auto               ;
; Auto Clock Enable Replacement                                                   ; On                 ; On                 ;
; Strict RAM Replacement                                                          ; Off                ; Off                ;
; Allow Synchronous Control Signals                                               ; On                 ; On                 ;
; Force Use of Synchronous Clear Signals                                          ; Off                ; Off                ;
; Auto Resource Sharing                                                           ; Off                ; Off                ;
; Allow Any RAM Size For Recognition                                              ; Off                ; Off                ;
; Allow Any ROM Size For Recognition                                              ; Off                ; Off                ;
; Allow Any Shift Register Size For Recognition                                   ; Off                ; Off                ;
; Use LogicLock Constraints during Resource Balancing                             ; On                 ; On                 ;
; Ignore translate_off and synthesis_off directives                               ; Off                ; Off                ;
; Timing-Driven Synthesis                                                         ; On                 ; On                 ;
; Report Parameter Settings                                                       ; On                 ; On                 ;
; Report Source Assignments                                                       ; On                 ; On                 ;
; Report Connectivity Checks                                                      ; On                 ; On                 ;
; Ignore Maximum Fan-Out Assignments                                              ; Off                ; Off                ;
; Synchronization Register Chain Length                                           ; 3                  ; 3                  ;
; Power Optimization During Synthesis                                             ; Normal compilation ; Normal compilation ;
; HDL message level                                                               ; Level2             ; Level2             ;
; Suppress Register Optimization Related Messages                                 ; Off                ; Off                ;
; Number of Removed Registers Reported in Synthesis Report                        ; 5000               ; 5000               ;
; Number of Swept Nodes Reported in Synthesis Report                              ; 5000               ; 5000               ;
; Number of Inverted Registers Reported in Synthesis Report                       ; 100                ; 100                ;
; Clock MUX Protection                                                            ; On                 ; On                 ;
; Auto Gated Clock Conversion                                                     ; Off                ; Off                ;
; Block Design Naming                                                             ; Auto               ; Auto               ;
; SDC constraint protection                                                       ; Off                ; Off                ;
; Synthesis Effort                                                                ; Auto               ; Auto               ;
; Shift Register Replacement - Allow Asynchronous Clear Signal                    ; On                 ; On                 ;
; Pre-Mapping Resynthesis Optimization                                            ; Off                ; Off                ;
; Analysis & Synthesis Message Level                                              ; Medium             ; Medium             ;
; Disable Register Merging Across Hierarchies                                     ; Auto               ; Auto               ;
; Resource Aware Inference For Block RAM                                          ; On                 ; On                 ;
; Automatic Parallel Synthesis                                                    ; On                 ; On                 ;
; Partial Reconfiguration Bitstream ID                                            ; Off                ; Off                ;
+---------------------------------------------------------------------------------+--------------------+--------------------+


+------------------------------------------+
; Parallel Compilation                     ;
+----------------------------+-------------+
; Processors                 ; Number      ;
+----------------------------+-------------+
; Number detected on machine ; 8           ;
; Maximum allowed            ; 4           ;
;                            ;             ;
; Average used               ; 1.00        ;
; Maximum used               ; 1           ;
;                            ;             ;
; Usage by Processor         ; % Time Used ;
;     Processor 1            ; 100.0%      ;
+----------------------------+-------------+


+--------------------------------------------------------------------------------------------------------------------------------------------------------+
; Analysis & Synthesis Source Files Read                                                                                                                 ;
+----------------------------------+-----------------+-----------------+-----------------------------------------------------------------------+---------+
; File Name with User-Entered Path ; Used in Netlist ; File Type       ; File Name with Absolute Path                                          ; Library ;
+----------------------------------+-----------------+-----------------+-----------------------------------------------------------------------+---------+
; ULA_1bit.vhd                     ; yes             ; User VHDL File  ; C:/intelFPGA_lite/20.1/projetos/entrega-mips/ULA_1bit.vhd             ;         ;
; ULA.vhd                          ; yes             ; User VHDL File  ; C:/intelFPGA_lite/20.1/projetos/entrega-mips/ULA.vhd                  ;         ;
; somadorULA.vhd                   ; yes             ; User VHDL File  ; C:/intelFPGA_lite/20.1/projetos/entrega-mips/somadorULA.vhd           ;         ;
; muxGenerico4x1 _1bit.vhd         ; yes             ; User VHDL File  ; C:/intelFPGA_lite/20.1/projetos/entrega-mips/muxGenerico4x1 _1bit.vhd ;         ;
; muxGenerico2x1_1bit.vhd          ; yes             ; User VHDL File  ; C:/intelFPGA_lite/20.1/projetos/entrega-mips/muxGenerico2x1_1bit.vhd  ;         ;
+----------------------------------+-----------------+-----------------+-----------------------------------------------------------------------+---------+


+--------------------------------------------------------------+
; Analysis & Synthesis Resource Usage Summary                  ;
+---------------------------------------------+----------------+
; Resource                                    ; Usage          ;
+---------------------------------------------+----------------+
; Estimate of Logic utilization (ALMs needed) ; 75             ;
;                                             ;                ;
; Combinational ALUT usage for logic          ; 120            ;
;     -- 7 input functions                    ; 0              ;
;     -- 6 input functions                    ; 29             ;
;     -- 5 input functions                    ; 28             ;
;     -- 4 input functions                    ; 15             ;
;     -- <=3 input functions                  ; 48             ;
;                                             ;                ;
; Dedicated logic registers                   ; 0              ;
;                                             ;                ;
; I/O pins                                    ; 102            ;
;                                             ;                ;
; Total DSP Blocks                            ; 0              ;
;                                             ;                ;
; Maximum fan-out node                        ; inverteB~input ;
; Maximum fan-out                             ; 38             ;
; Total fan-out                               ; 613            ;
; Average fan-out                             ; 1.89           ;
+---------------------------------------------+----------------+


+-----------------------------------------------------------------------------------------------------------------------------------------------------------------------------------------------------------------------------------------------------+
; Analysis & Synthesis Resource Utilization by Entity                                                                                                                                                                                                 ;
+-------------------------------------------+---------------------+---------------------------+-------------------+------------+------+--------------+-----------------------------------------------------------+---------------------+--------------+
; Compilation Hierarchy Node                ; Combinational ALUTs ; Dedicated Logic Registers ; Block Memory Bits ; DSP Blocks ; Pins ; Virtual Pins ; Full Hierarchy Name                                       ; Entity Name         ; Library Name ;
+-------------------------------------------+---------------------+---------------------------+-------------------+------------+------+--------------+-----------------------------------------------------------+---------------------+--------------+
; |ULA                                      ; 120 (12)            ; 0 (0)                     ; 0                 ; 0          ; 102  ; 0            ; |ULA                                                      ; ULA                 ; work         ;
;    |ULA_1bit:ULA_BIT0|                    ; 2 (0)               ; 0 (0)                     ; 0                 ; 0          ; 0    ; 0            ; |ULA|ULA_1bit:ULA_BIT0                                    ; ULA_1bit            ; work         ;
;       |muxGenerico4x1_1bit:MUX_RESULTADO| ; 1 (1)               ; 0 (0)                     ; 0                 ; 0          ; 0    ; 0            ; |ULA|ULA_1bit:ULA_BIT0|muxGenerico4x1_1bit:MUX_RESULTADO  ; muxGenerico4x1_1bit ; work         ;
;       |somadorULA:SOMADOR|                ; 1 (1)               ; 0 (0)                     ; 0                 ; 0          ; 0    ; 0            ; |ULA|ULA_1bit:ULA_BIT0|somadorULA:SOMADOR                 ; somadorULA          ; work         ;
;    |ULA_1bit:ULA_BIT10|                   ; 3 (0)               ; 0 (0)                     ; 0                 ; 0          ; 0    ; 0            ; |ULA|ULA_1bit:ULA_BIT10                                   ; ULA_1bit            ; work         ;
;       |muxGenerico2x1_1bit:MUX_ENTB|      ; 1 (1)               ; 0 (0)                     ; 0                 ; 0          ; 0    ; 0            ; |ULA|ULA_1bit:ULA_BIT10|muxGenerico2x1_1bit:MUX_ENTB      ; muxGenerico2x1_1bit ; work         ;
;       |muxGenerico4x1_1bit:MUX_RESULTADO| ; 1 (1)               ; 0 (0)                     ; 0                 ; 0          ; 0    ; 0            ; |ULA|ULA_1bit:ULA_BIT10|muxGenerico4x1_1bit:MUX_RESULTADO ; muxGenerico4x1_1bit ; work         ;
;       |somadorULA:SOMADOR|                ; 1 (1)               ; 0 (0)                     ; 0                 ; 0          ; 0    ; 0            ; |ULA|ULA_1bit:ULA_BIT10|somadorULA:SOMADOR                ; somadorULA          ; work         ;
;    |ULA_1bit:ULA_BIT11|                   ; 3 (0)               ; 0 (0)                     ; 0                 ; 0          ; 0    ; 0            ; |ULA|ULA_1bit:ULA_BIT11                                   ; ULA_1bit            ; work         ;
;       |muxGenerico2x1_1bit:MUX_ENTB|      ; 1 (1)               ; 0 (0)                     ; 0                 ; 0          ; 0    ; 0            ; |ULA|ULA_1bit:ULA_BIT11|muxGenerico2x1_1bit:MUX_ENTB      ; muxGenerico2x1_1bit ; work         ;
;       |muxGenerico4x1_1bit:MUX_RESULTADO| ; 1 (1)               ; 0 (0)                     ; 0                 ; 0          ; 0    ; 0            ; |ULA|ULA_1bit:ULA_BIT11|muxGenerico4x1_1bit:MUX_RESULTADO ; muxGenerico4x1_1bit ; work         ;
;       |somadorULA:SOMADOR|                ; 1 (1)               ; 0 (0)                     ; 0                 ; 0          ; 0    ; 0            ; |ULA|ULA_1bit:ULA_BIT11|somadorULA:SOMADOR                ; somadorULA          ; work         ;
;    |ULA_1bit:ULA_BIT12|                   ; 2 (0)               ; 0 (0)                     ; 0                 ; 0          ; 0    ; 0            ; |ULA|ULA_1bit:ULA_BIT12                                   ; ULA_1bit            ; work         ;
;       |muxGenerico2x1_1bit:MUX_ENTB|      ; 1 (1)               ; 0 (0)                     ; 0                 ; 0          ; 0    ; 0            ; |ULA|ULA_1bit:ULA_BIT12|muxGenerico2x1_1bit:MUX_ENTB      ; muxGenerico2x1_1bit ; work         ;
;       |muxGenerico4x1_1bit:MUX_RESULTADO| ; 1 (1)               ; 0 (0)                     ; 0                 ; 0          ; 0    ; 0            ; |ULA|ULA_1bit:ULA_BIT12|muxGenerico4x1_1bit:MUX_RESULTADO ; muxGenerico4x1_1bit ; work         ;
;    |ULA_1bit:ULA_BIT13|                   ; 5 (0)               ; 0 (0)                     ; 0                 ; 0          ; 0    ; 0            ; |ULA|ULA_1bit:ULA_BIT13                                   ; ULA_1bit            ; work         ;
;       |muxGenerico2x1_1bit:MUX_ENTB|      ; 1 (1)               ; 0 (0)                     ; 0                 ; 0          ; 0    ; 0            ; |ULA|ULA_1bit:ULA_BIT13|muxGenerico2x1_1bit:MUX_ENTB      ; muxGenerico2x1_1bit ; work         ;
;       |muxGenerico4x1_1bit:MUX_RESULTADO| ; 2 (2)               ; 0 (0)                     ; 0                 ; 0          ; 0    ; 0            ; |ULA|ULA_1bit:ULA_BIT13|muxGenerico4x1_1bit:MUX_RESULTADO ; muxGenerico4x1_1bit ; work         ;
;       |somadorULA:SOMADOR|                ; 2 (2)               ; 0 (0)                     ; 0                 ; 0          ; 0    ; 0            ; |ULA|ULA_1bit:ULA_BIT13|somadorULA:SOMADOR                ; somadorULA          ; work         ;
;    |ULA_1bit:ULA_BIT14|                   ; 5 (0)               ; 0 (0)                     ; 0                 ; 0          ; 0    ; 0            ; |ULA|ULA_1bit:ULA_BIT14                                   ; ULA_1bit            ; work         ;
;       |muxGenerico2x1_1bit:MUX_ENTB|      ; 1 (1)               ; 0 (0)                     ; 0                 ; 0          ; 0    ; 0            ; |ULA|ULA_1bit:ULA_BIT14|muxGenerico2x1_1bit:MUX_ENTB      ; muxGenerico2x1_1bit ; work         ;
;       |muxGenerico4x1_1bit:MUX_RESULTADO| ; 1 (1)               ; 0 (0)                     ; 0                 ; 0          ; 0    ; 0            ; |ULA|ULA_1bit:ULA_BIT14|muxGenerico4x1_1bit:MUX_RESULTADO ; muxGenerico4x1_1bit ; work         ;
;       |somadorULA:SOMADOR|                ; 3 (3)               ; 0 (0)                     ; 0                 ; 0          ; 0    ; 0            ; |ULA|ULA_1bit:ULA_BIT14|somadorULA:SOMADOR                ; somadorULA          ; work         ;
;    |ULA_1bit:ULA_BIT15|                   ; 3 (0)               ; 0 (0)                     ; 0                 ; 0          ; 0    ; 0            ; |ULA|ULA_1bit:ULA_BIT15                                   ; ULA_1bit            ; work         ;
;       |muxGenerico2x1_1bit:MUX_ENTB|      ; 1 (1)               ; 0 (0)                     ; 0                 ; 0          ; 0    ; 0            ; |ULA|ULA_1bit:ULA_BIT15|muxGenerico2x1_1bit:MUX_ENTB      ; muxGenerico2x1_1bit ; work         ;
;       |muxGenerico4x1_1bit:MUX_RESULTADO| ; 1 (1)               ; 0 (0)                     ; 0                 ; 0          ; 0    ; 0            ; |ULA|ULA_1bit:ULA_BIT15|muxGenerico4x1_1bit:MUX_RESULTADO ; muxGenerico4x1_1bit ; work         ;
;       |somadorULA:SOMADOR|                ; 1 (1)               ; 0 (0)                     ; 0                 ; 0          ; 0    ; 0            ; |ULA|ULA_1bit:ULA_BIT15|somadorULA:SOMADOR                ; somadorULA          ; work         ;
;    |ULA_1bit:ULA_BIT16|                   ; 3 (0)               ; 0 (0)                     ; 0                 ; 0          ; 0    ; 0            ; |ULA|ULA_1bit:ULA_BIT16                                   ; ULA_1bit            ; work         ;
;       |muxGenerico2x1_1bit:MUX_ENTB|      ; 1 (1)               ; 0 (0)                     ; 0                 ; 0          ; 0    ; 0            ; |ULA|ULA_1bit:ULA_BIT16|muxGenerico2x1_1bit:MUX_ENTB      ; muxGenerico2x1_1bit ; work         ;
;       |muxGenerico4x1_1bit:MUX_RESULTADO| ; 1 (1)               ; 0 (0)                     ; 0                 ; 0          ; 0    ; 0            ; |ULA|ULA_1bit:ULA_BIT16|muxGenerico4x1_1bit:MUX_RESULTADO ; muxGenerico4x1_1bit ; work         ;
;       |somadorULA:SOMADOR|                ; 1 (1)               ; 0 (0)                     ; 0                 ; 0          ; 0    ; 0            ; |ULA|ULA_1bit:ULA_BIT16|somadorULA:SOMADOR                ; somadorULA          ; work         ;
;    |ULA_1bit:ULA_BIT17|                   ; 2 (0)               ; 0 (0)                     ; 0                 ; 0          ; 0    ; 0            ; |ULA|ULA_1bit:ULA_BIT17                                   ; ULA_1bit            ; work         ;
;       |muxGenerico2x1_1bit:MUX_ENTB|      ; 1 (1)               ; 0 (0)                     ; 0                 ; 0          ; 0    ; 0            ; |ULA|ULA_1bit:ULA_BIT17|muxGenerico2x1_1bit:MUX_ENTB      ; muxGenerico2x1_1bit ; work         ;
;       |muxGenerico4x1_1bit:MUX_RESULTADO| ; 1 (1)               ; 0 (0)                     ; 0                 ; 0          ; 0    ; 0            ; |ULA|ULA_1bit:ULA_BIT17|muxGenerico4x1_1bit:MUX_RESULTADO ; muxGenerico4x1_1bit ; work         ;
;    |ULA_1bit:ULA_BIT18|                   ; 5 (0)               ; 0 (0)                     ; 0                 ; 0          ; 0    ; 0            ; |ULA|ULA_1bit:ULA_BIT18                                   ; ULA_1bit            ; work         ;
;       |muxGenerico2x1_1bit:MUX_ENTB|      ; 1 (1)               ; 0 (0)                     ; 0                 ; 0          ; 0    ; 0            ; |ULA|ULA_1bit:ULA_BIT18|muxGenerico2x1_1bit:MUX_ENTB      ; muxGenerico2x1_1bit ; work         ;
;       |muxGenerico4x1_1bit:MUX_RESULTADO| ; 2 (2)               ; 0 (0)                     ; 0                 ; 0          ; 0    ; 0            ; |ULA|ULA_1bit:ULA_BIT18|muxGenerico4x1_1bit:MUX_RESULTADO ; muxGenerico4x1_1bit ; work         ;
;       |somadorULA:SOMADOR|                ; 2 (2)               ; 0 (0)                     ; 0                 ; 0          ; 0    ; 0            ; |ULA|ULA_1bit:ULA_BIT18|somadorULA:SOMADOR                ; somadorULA          ; work         ;
;    |ULA_1bit:ULA_BIT19|                   ; 5 (0)               ; 0 (0)                     ; 0                 ; 0          ; 0    ; 0            ; |ULA|ULA_1bit:ULA_BIT19                                   ; ULA_1bit            ; work         ;
;       |muxGenerico2x1_1bit:MUX_ENTB|      ; 1 (1)               ; 0 (0)                     ; 0                 ; 0          ; 0    ; 0            ; |ULA|ULA_1bit:ULA_BIT19|muxGenerico2x1_1bit:MUX_ENTB      ; muxGenerico2x1_1bit ; work         ;
;       |muxGenerico4x1_1bit:MUX_RESULTADO| ; 1 (1)               ; 0 (0)                     ; 0                 ; 0          ; 0    ; 0            ; |ULA|ULA_1bit:ULA_BIT19|muxGenerico4x1_1bit:MUX_RESULTADO ; muxGenerico4x1_1bit ; work         ;
;       |somadorULA:SOMADOR|                ; 3 (3)               ; 0 (0)                     ; 0                 ; 0          ; 0    ; 0            ; |ULA|ULA_1bit:ULA_BIT19|somadorULA:SOMADOR                ; somadorULA          ; work         ;
;    |ULA_1bit:ULA_BIT1|                    ; 2 (0)               ; 0 (0)                     ; 0                 ; 0          ; 0    ; 0            ; |ULA|ULA_1bit:ULA_BIT1                                    ; ULA_1bit            ; work         ;
;       |muxGenerico4x1_1bit:MUX_RESULTADO| ; 1 (1)               ; 0 (0)                     ; 0                 ; 0          ; 0    ; 0            ; |ULA|ULA_1bit:ULA_BIT1|muxGenerico4x1_1bit:MUX_RESULTADO  ; muxGenerico4x1_1bit ; work         ;
;       |somadorULA:SOMADOR|                ; 1 (1)               ; 0 (0)                     ; 0                 ; 0          ; 0    ; 0            ; |ULA|ULA_1bit:ULA_BIT1|somadorULA:SOMADOR                 ; somadorULA          ; work         ;
;    |ULA_1bit:ULA_BIT20|                   ; 3 (0)               ; 0 (0)                     ; 0                 ; 0          ; 0    ; 0            ; |ULA|ULA_1bit:ULA_BIT20                                   ; ULA_1bit            ; work         ;
;       |muxGenerico2x1_1bit:MUX_ENTB|      ; 1 (1)               ; 0 (0)                     ; 0                 ; 0          ; 0    ; 0            ; |ULA|ULA_1bit:ULA_BIT20|muxGenerico2x1_1bit:MUX_ENTB      ; muxGenerico2x1_1bit ; work         ;
;       |muxGenerico4x1_1bit:MUX_RESULTADO| ; 1 (1)               ; 0 (0)                     ; 0                 ; 0          ; 0    ; 0            ; |ULA|ULA_1bit:ULA_BIT20|muxGenerico4x1_1bit:MUX_RESULTADO ; muxGenerico4x1_1bit ; work         ;
;       |somadorULA:SOMADOR|                ; 1 (1)               ; 0 (0)                     ; 0                 ; 0          ; 0    ; 0            ; |ULA|ULA_1bit:ULA_BIT20|somadorULA:SOMADOR                ; somadorULA          ; work         ;
;    |ULA_1bit:ULA_BIT21|                   ; 3 (0)               ; 0 (0)                     ; 0                 ; 0          ; 0    ; 0            ; |ULA|ULA_1bit:ULA_BIT21                                   ; ULA_1bit            ; work         ;
;       |muxGenerico2x1_1bit:MUX_ENTB|      ; 1 (1)               ; 0 (0)                     ; 0                 ; 0          ; 0    ; 0            ; |ULA|ULA_1bit:ULA_BIT21|muxGenerico2x1_1bit:MUX_ENTB      ; muxGenerico2x1_1bit ; work         ;
;       |muxGenerico4x1_1bit:MUX_RESULTADO| ; 1 (1)               ; 0 (0)                     ; 0                 ; 0          ; 0    ; 0            ; |ULA|ULA_1bit:ULA_BIT21|muxGenerico4x1_1bit:MUX_RESULTADO ; muxGenerico4x1_1bit ; work         ;
;       |somadorULA:SOMADOR|                ; 1 (1)               ; 0 (0)                     ; 0                 ; 0          ; 0    ; 0            ; |ULA|ULA_1bit:ULA_BIT21|somadorULA:SOMADOR                ; somadorULA          ; work         ;
;    |ULA_1bit:ULA_BIT22|                   ; 2 (0)               ; 0 (0)                     ; 0                 ; 0          ; 0    ; 0            ; |ULA|ULA_1bit:ULA_BIT22                                   ; ULA_1bit            ; work         ;
;       |muxGenerico2x1_1bit:MUX_ENTB|      ; 1 (1)               ; 0 (0)                     ; 0                 ; 0          ; 0    ; 0            ; |ULA|ULA_1bit:ULA_BIT22|muxGenerico2x1_1bit:MUX_ENTB      ; muxGenerico2x1_1bit ; work         ;
;       |muxGenerico4x1_1bit:MUX_RESULTADO| ; 1 (1)               ; 0 (0)                     ; 0                 ; 0          ; 0    ; 0            ; |ULA|ULA_1bit:ULA_BIT22|muxGenerico4x1_1bit:MUX_RESULTADO ; muxGenerico4x1_1bit ; work         ;
;    |ULA_1bit:ULA_BIT23|                   ; 5 (0)               ; 0 (0)                     ; 0                 ; 0          ; 0    ; 0            ; |ULA|ULA_1bit:ULA_BIT23                                   ; ULA_1bit            ; work         ;
;       |muxGenerico2x1_1bit:MUX_ENTB|      ; 1 (1)               ; 0 (0)                     ; 0                 ; 0          ; 0    ; 0            ; |ULA|ULA_1bit:ULA_BIT23|muxGenerico2x1_1bit:MUX_ENTB      ; muxGenerico2x1_1bit ; work         ;
;       |muxGenerico4x1_1bit:MUX_RESULTADO| ; 2 (2)               ; 0 (0)                     ; 0                 ; 0          ; 0    ; 0            ; |ULA|ULA_1bit:ULA_BIT23|muxGenerico4x1_1bit:MUX_RESULTADO ; muxGenerico4x1_1bit ; work         ;
;       |somadorULA:SOMADOR|                ; 2 (2)               ; 0 (0)                     ; 0                 ; 0          ; 0    ; 0            ; |ULA|ULA_1bit:ULA_BIT23|somadorULA:SOMADOR                ; somadorULA          ; work         ;
;    |ULA_1bit:ULA_BIT24|                   ; 5 (0)               ; 0 (0)                     ; 0                 ; 0          ; 0    ; 0            ; |ULA|ULA_1bit:ULA_BIT24                                   ; ULA_1bit            ; work         ;
;       |muxGenerico2x1_1bit:MUX_ENTB|      ; 1 (1)               ; 0 (0)                     ; 0                 ; 0          ; 0    ; 0            ; |ULA|ULA_1bit:ULA_BIT24|muxGenerico2x1_1bit:MUX_ENTB      ; muxGenerico2x1_1bit ; work         ;
;       |muxGenerico4x1_1bit:MUX_RESULTADO| ; 1 (1)               ; 0 (0)                     ; 0                 ; 0          ; 0    ; 0            ; |ULA|ULA_1bit:ULA_BIT24|muxGenerico4x1_1bit:MUX_RESULTADO ; muxGenerico4x1_1bit ; work         ;
;       |somadorULA:SOMADOR|                ; 3 (3)               ; 0 (0)                     ; 0                 ; 0          ; 0    ; 0            ; |ULA|ULA_1bit:ULA_BIT24|somadorULA:SOMADOR                ; somadorULA          ; work         ;
;    |ULA_1bit:ULA_BIT25|                   ; 3 (0)               ; 0 (0)                     ; 0                 ; 0          ; 0    ; 0            ; |ULA|ULA_1bit:ULA_BIT25                                   ; ULA_1bit            ; work         ;
;       |muxGenerico2x1_1bit:MUX_ENTB|      ; 1 (1)               ; 0 (0)                     ; 0                 ; 0          ; 0    ; 0            ; |ULA|ULA_1bit:ULA_BIT25|muxGenerico2x1_1bit:MUX_ENTB      ; muxGenerico2x1_1bit ; work         ;
;       |muxGenerico4x1_1bit:MUX_RESULTADO| ; 1 (1)               ; 0 (0)                     ; 0                 ; 0          ; 0    ; 0            ; |ULA|ULA_1bit:ULA_BIT25|muxGenerico4x1_1bit:MUX_RESULTADO ; muxGenerico4x1_1bit ; work         ;
;       |somadorULA:SOMADOR|                ; 1 (1)               ; 0 (0)                     ; 0                 ; 0          ; 0    ; 0            ; |ULA|ULA_1bit:ULA_BIT25|somadorULA:SOMADOR                ; somadorULA          ; work         ;
;    |ULA_1bit:ULA_BIT26|                   ; 3 (0)               ; 0 (0)                     ; 0                 ; 0          ; 0    ; 0            ; |ULA|ULA_1bit:ULA_BIT26                                   ; ULA_1bit            ; work         ;
;       |muxGenerico2x1_1bit:MUX_ENTB|      ; 1 (1)               ; 0 (0)                     ; 0                 ; 0          ; 0    ; 0            ; |ULA|ULA_1bit:ULA_BIT26|muxGenerico2x1_1bit:MUX_ENTB      ; muxGenerico2x1_1bit ; work         ;
;       |muxGenerico4x1_1bit:MUX_RESULTADO| ; 1 (1)               ; 0 (0)                     ; 0                 ; 0          ; 0    ; 0            ; |ULA|ULA_1bit:ULA_BIT26|muxGenerico4x1_1bit:MUX_RESULTADO ; muxGenerico4x1_1bit ; work         ;
;       |somadorULA:SOMADOR|                ; 1 (1)               ; 0 (0)                     ; 0                 ; 0          ; 0    ; 0            ; |ULA|ULA_1bit:ULA_BIT26|somadorULA:SOMADOR                ; somadorULA          ; work         ;
;    |ULA_1bit:ULA_BIT27|                   ; 2 (0)               ; 0 (0)                     ; 0                 ; 0          ; 0    ; 0            ; |ULA|ULA_1bit:ULA_BIT27                                   ; ULA_1bit            ; work         ;
;       |muxGenerico2x1_1bit:MUX_ENTB|      ; 1 (1)               ; 0 (0)                     ; 0                 ; 0          ; 0    ; 0            ; |ULA|ULA_1bit:ULA_BIT27|muxGenerico2x1_1bit:MUX_ENTB      ; muxGenerico2x1_1bit ; work         ;
;       |muxGenerico4x1_1bit:MUX_RESULTADO| ; 1 (1)               ; 0 (0)                     ; 0                 ; 0          ; 0    ; 0            ; |ULA|ULA_1bit:ULA_BIT27|muxGenerico4x1_1bit:MUX_RESULTADO ; muxGenerico4x1_1bit ; work         ;
;    |ULA_1bit:ULA_BIT28|                   ; 5 (0)               ; 0 (0)                     ; 0                 ; 0          ; 0    ; 0            ; |ULA|ULA_1bit:ULA_BIT28                                   ; ULA_1bit            ; work         ;
;       |muxGenerico2x1_1bit:MUX_ENTB|      ; 1 (1)               ; 0 (0)                     ; 0                 ; 0          ; 0    ; 0            ; |ULA|ULA_1bit:ULA_BIT28|muxGenerico2x1_1bit:MUX_ENTB      ; muxGenerico2x1_1bit ; work         ;
;       |muxGenerico4x1_1bit:MUX_RESULTADO| ; 2 (2)               ; 0 (0)                     ; 0                 ; 0          ; 0    ; 0            ; |ULA|ULA_1bit:ULA_BIT28|muxGenerico4x1_1bit:MUX_RESULTADO ; muxGenerico4x1_1bit ; work         ;
;       |somadorULA:SOMADOR|                ; 2 (2)               ; 0 (0)                     ; 0                 ; 0          ; 0    ; 0            ; |ULA|ULA_1bit:ULA_BIT28|somadorULA:SOMADOR                ; somadorULA          ; work         ;
;    |ULA_1bit:ULA_BIT29|                   ; 5 (0)               ; 0 (0)                     ; 0                 ; 0          ; 0    ; 0            ; |ULA|ULA_1bit:ULA_BIT29                                   ; ULA_1bit            ; work         ;
;       |muxGenerico2x1_1bit:MUX_ENTB|      ; 1 (1)               ; 0 (0)                     ; 0                 ; 0          ; 0    ; 0            ; |ULA|ULA_1bit:ULA_BIT29|muxGenerico2x1_1bit:MUX_ENTB      ; muxGenerico2x1_1bit ; work         ;
;       |muxGenerico4x1_1bit:MUX_RESULTADO| ; 1 (1)               ; 0 (0)                     ; 0                 ; 0          ; 0    ; 0            ; |ULA|ULA_1bit:ULA_BIT29|muxGenerico4x1_1bit:MUX_RESULTADO ; muxGenerico4x1_1bit ; work         ;
;       |somadorULA:SOMADOR|                ; 3 (3)               ; 0 (0)                     ; 0                 ; 0          ; 0    ; 0            ; |ULA|ULA_1bit:ULA_BIT29|somadorULA:SOMADOR                ; somadorULA          ; work         ;
;    |ULA_1bit:ULA_BIT2|                    ; 4 (0)               ; 0 (0)                     ; 0                 ; 0          ; 0    ; 0            ; |ULA|ULA_1bit:ULA_BIT2                                    ; ULA_1bit            ; work         ;
;       |muxGenerico2x1_1bit:MUX_ENTB|      ; 1 (1)               ; 0 (0)                     ; 0                 ; 0          ; 0    ; 0            ; |ULA|ULA_1bit:ULA_BIT2|muxGenerico2x1_1bit:MUX_ENTB       ; muxGenerico2x1_1bit ; work         ;
;       |muxGenerico4x1_1bit:MUX_RESULTADO| ; 2 (2)               ; 0 (0)                     ; 0                 ; 0          ; 0    ; 0            ; |ULA|ULA_1bit:ULA_BIT2|muxGenerico4x1_1bit:MUX_RESULTADO  ; muxGenerico4x1_1bit ; work         ;
;       |somadorULA:SOMADOR|                ; 1 (1)               ; 0 (0)                     ; 0                 ; 0          ; 0    ; 0            ; |ULA|ULA_1bit:ULA_BIT2|somadorULA:SOMADOR                 ; somadorULA          ; work         ;
;    |ULA_1bit:ULA_BIT30|                   ; 2 (0)               ; 0 (0)                     ; 0                 ; 0          ; 0    ; 0            ; |ULA|ULA_1bit:ULA_BIT30                                   ; ULA_1bit            ; work         ;
;       |muxGenerico2x1_1bit:MUX_ENTB|      ; 1 (1)               ; 0 (0)                     ; 0                 ; 0          ; 0    ; 0            ; |ULA|ULA_1bit:ULA_BIT30|muxGenerico2x1_1bit:MUX_ENTB      ; muxGenerico2x1_1bit ; work         ;
;       |muxGenerico4x1_1bit:MUX_RESULTADO| ; 1 (1)               ; 0 (0)                     ; 0                 ; 0          ; 0    ; 0            ; |ULA|ULA_1bit:ULA_BIT30|muxGenerico4x1_1bit:MUX_RESULTADO ; muxGenerico4x1_1bit ; work         ;
;    |ULA_1bit:ULA_BIT31|                   ; 2 (0)               ; 0 (0)                     ; 0                 ; 0          ; 0    ; 0            ; |ULA|ULA_1bit:ULA_BIT31                                   ; ULA_1bit            ; work         ;
;       |muxGenerico4x1_1bit:MUX_RESULTADO| ; 1 (1)               ; 0 (0)                     ; 0                 ; 0          ; 0    ; 0            ; |ULA|ULA_1bit:ULA_BIT31|muxGenerico4x1_1bit:MUX_RESULTADO ; muxGenerico4x1_1bit ; work         ;
;       |somadorULA:SOMADOR|                ; 1 (1)               ; 0 (0)                     ; 0                 ; 0          ; 0    ; 0            ; |ULA|ULA_1bit:ULA_BIT31|somadorULA:SOMADOR                ; somadorULA          ; work         ;
;    |ULA_1bit:ULA_BIT3|                    ; 3 (0)               ; 0 (0)                     ; 0                 ; 0          ; 0    ; 0            ; |ULA|ULA_1bit:ULA_BIT3                                    ; ULA_1bit            ; work         ;
;       |muxGenerico2x1_1bit:MUX_ENTB|      ; 1 (1)               ; 0 (0)                     ; 0                 ; 0          ; 0    ; 0            ; |ULA|ULA_1bit:ULA_BIT3|muxGenerico2x1_1bit:MUX_ENTB       ; muxGenerico2x1_1bit ; work         ;
;       |muxGenerico4x1_1bit:MUX_RESULTADO| ; 1 (1)               ; 0 (0)                     ; 0                 ; 0          ; 0    ; 0            ; |ULA|ULA_1bit:ULA_BIT3|muxGenerico4x1_1bit:MUX_RESULTADO  ; muxGenerico4x1_1bit ; work         ;
;       |somadorULA:SOMADOR|                ; 1 (1)               ; 0 (0)                     ; 0                 ; 0          ; 0    ; 0            ; |ULA|ULA_1bit:ULA_BIT3|somadorULA:SOMADOR                 ; somadorULA          ; work         ;
;    |ULA_1bit:ULA_BIT4|                    ; 4 (0)               ; 0 (0)                     ; 0                 ; 0          ; 0    ; 0            ; |ULA|ULA_1bit:ULA_BIT4                                    ; ULA_1bit            ; work         ;
;       |muxGenerico4x1_1bit:MUX_RESULTADO| ; 1 (1)               ; 0 (0)                     ; 0                 ; 0          ; 0    ; 0            ; |ULA|ULA_1bit:ULA_BIT4|muxGenerico4x1_1bit:MUX_RESULTADO  ; muxGenerico4x1_1bit ; work         ;
;       |somadorULA:SOMADOR|                ; 3 (3)               ; 0 (0)                     ; 0                 ; 0          ; 0    ; 0            ; |ULA|ULA_1bit:ULA_BIT4|somadorULA:SOMADOR                 ; somadorULA          ; work         ;
;    |ULA_1bit:ULA_BIT5|                    ; 3 (0)               ; 0 (0)                     ; 0                 ; 0          ; 0    ; 0            ; |ULA|ULA_1bit:ULA_BIT5                                    ; ULA_1bit            ; work         ;
;       |muxGenerico2x1_1bit:MUX_ENTB|      ; 1 (1)               ; 0 (0)                     ; 0                 ; 0          ; 0    ; 0            ; |ULA|ULA_1bit:ULA_BIT5|muxGenerico2x1_1bit:MUX_ENTB       ; muxGenerico2x1_1bit ; work         ;
;       |muxGenerico4x1_1bit:MUX_RESULTADO| ; 1 (1)               ; 0 (0)                     ; 0                 ; 0          ; 0    ; 0            ; |ULA|ULA_1bit:ULA_BIT5|muxGenerico4x1_1bit:MUX_RESULTADO  ; muxGenerico4x1_1bit ; work         ;
;       |somadorULA:SOMADOR|                ; 1 (1)               ; 0 (0)                     ; 0                 ; 0          ; 0    ; 0            ; |ULA|ULA_1bit:ULA_BIT5|somadorULA:SOMADOR                 ; somadorULA          ; work         ;
;    |ULA_1bit:ULA_BIT6|                    ; 3 (0)               ; 0 (0)                     ; 0                 ; 0          ; 0    ; 0            ; |ULA|ULA_1bit:ULA_BIT6                                    ; ULA_1bit            ; work         ;
;       |muxGenerico2x1_1bit:MUX_ENTB|      ; 1 (1)               ; 0 (0)                     ; 0                 ; 0          ; 0    ; 0            ; |ULA|ULA_1bit:ULA_BIT6|muxGenerico2x1_1bit:MUX_ENTB       ; muxGenerico2x1_1bit ; work         ;
;       |muxGenerico4x1_1bit:MUX_RESULTADO| ; 1 (1)               ; 0 (0)                     ; 0                 ; 0          ; 0    ; 0            ; |ULA|ULA_1bit:ULA_BIT6|muxGenerico4x1_1bit:MUX_RESULTADO  ; muxGenerico4x1_1bit ; work         ;
;       |somadorULA:SOMADOR|                ; 1 (1)               ; 0 (0)                     ; 0                 ; 0          ; 0    ; 0            ; |ULA|ULA_1bit:ULA_BIT6|somadorULA:SOMADOR                 ; somadorULA          ; work         ;
;    |ULA_1bit:ULA_BIT7|                    ; 2 (0)               ; 0 (0)                     ; 0                 ; 0          ; 0    ; 0            ; |ULA|ULA_1bit:ULA_BIT7                                    ; ULA_1bit            ; work         ;
;       |muxGenerico2x1_1bit:MUX_ENTB|      ; 1 (1)               ; 0 (0)                     ; 0                 ; 0          ; 0    ; 0            ; |ULA|ULA_1bit:ULA_BIT7|muxGenerico2x1_1bit:MUX_ENTB       ; muxGenerico2x1_1bit ; work         ;
;       |muxGenerico4x1_1bit:MUX_RESULTADO| ; 1 (1)               ; 0 (0)                     ; 0                 ; 0          ; 0    ; 0            ; |ULA|ULA_1bit:ULA_BIT7|muxGenerico4x1_1bit:MUX_RESULTADO  ; muxGenerico4x1_1bit ; work         ;
;    |ULA_1bit:ULA_BIT8|                    ; 5 (0)               ; 0 (0)                     ; 0                 ; 0          ; 0    ; 0            ; |ULA|ULA_1bit:ULA_BIT8                                    ; ULA_1bit            ; work         ;
;       |muxGenerico2x1_1bit:MUX_ENTB|      ; 1 (1)               ; 0 (0)                     ; 0                 ; 0          ; 0    ; 0            ; |ULA|ULA_1bit:ULA_BIT8|muxGenerico2x1_1bit:MUX_ENTB       ; muxGenerico2x1_1bit ; work         ;
;       |muxGenerico4x1_1bit:MUX_RESULTADO| ; 2 (2)               ; 0 (0)                     ; 0                 ; 0          ; 0    ; 0            ; |ULA|ULA_1bit:ULA_BIT8|muxGenerico4x1_1bit:MUX_RESULTADO  ; muxGenerico4x1_1bit ; work         ;
;       |somadorULA:SOMADOR|                ; 2 (2)               ; 0 (0)                     ; 0                 ; 0          ; 0    ; 0            ; |ULA|ULA_1bit:ULA_BIT8|somadorULA:SOMADOR                 ; somadorULA          ; work         ;
;    |ULA_1bit:ULA_BIT9|                    ; 4 (0)               ; 0 (0)                     ; 0                 ; 0          ; 0    ; 0            ; |ULA|ULA_1bit:ULA_BIT9                                    ; ULA_1bit            ; work         ;
;       |muxGenerico4x1_1bit:MUX_RESULTADO| ; 1 (1)               ; 0 (0)                     ; 0                 ; 0          ; 0    ; 0            ; |ULA|ULA_1bit:ULA_BIT9|muxGenerico4x1_1bit:MUX_RESULTADO  ; muxGenerico4x1_1bit ; work         ;
;       |somadorULA:SOMADOR|                ; 3 (3)               ; 0 (0)                     ; 0                 ; 0          ; 0    ; 0            ; |ULA|ULA_1bit:ULA_BIT9|somadorULA:SOMADOR                 ; somadorULA          ; work         ;
+-------------------------------------------+---------------------+---------------------------+-------------------+------------+------+--------------+-----------------------------------------------------------+---------------------+--------------+
Note: For table entries with two numbers listed, the numbers in parentheses indicate the number of resources of the given type used by the specific entity alone. The numbers listed outside of parentheses indicate the total resources of the given type used by the specific entity and all of its sub-entities in the hierarchy.


+------------------------------------------------------+
; General Register Statistics                          ;
+----------------------------------------------+-------+
; Statistic                                    ; Value ;
+----------------------------------------------+-------+
; Total registers                              ; 0     ;
; Number of registers using Synchronous Clear  ; 0     ;
; Number of registers using Synchronous Load   ; 0     ;
; Number of registers using Asynchronous Clear ; 0     ;
; Number of registers using Asynchronous Load  ; 0     ;
; Number of registers using Clock Enable       ; 0     ;
; Number of registers using Preset             ; 0     ;
+----------------------------------------------+-------+


+----------------------------------------------------------------------------------------------------------------------------------------------------------------------------------+
; Multiplexer Restructuring Statistics (Restructuring Performed)                                                                                                                   ;
+--------------------+-----------+---------------+----------------------+------------------------+------------+--------------------------------------------------------------------+
; Multiplexer Inputs ; Bus Width ; Baseline Area ; Area if Restructured ; Saving if Restructured ; Registered ; Example Multiplexer Output                                         ;
+--------------------+-----------+---------------+----------------------+------------------------+------------+--------------------------------------------------------------------+
; 4:1                ; 31 bits   ; 62 LEs        ; 62 LEs               ; 0 LEs                  ; No         ; |ULA|ULA_1bit:ULA_BIT8|muxGenerico4x1_1bit:MUX_RESULTADO|saida_MUX ;
+--------------------+-----------+---------------+----------------------+------------------------+------------+--------------------------------------------------------------------+


+------------------------------------------------+
; Port Connectivity Checks: "ULA_1bit:ULA_BIT31" ;
+------+-------+----------+----------------------+
; Port ; Type  ; Severity ; Details              ;
+------+-------+----------+----------------------+
; slt  ; Input ; Info     ; Stuck at GND         ;
+------+-------+----------+----------------------+


+------------------------------------------------+
; Port Connectivity Checks: "ULA_1bit:ULA_BIT30" ;
+------+-------+----------+----------------------+
; Port ; Type  ; Severity ; Details              ;
+------+-------+----------+----------------------+
; slt  ; Input ; Info     ; Stuck at GND         ;
+------+-------+----------+----------------------+


+------------------------------------------------+
; Port Connectivity Checks: "ULA_1bit:ULA_BIT29" ;
+------+-------+----------+----------------------+
; Port ; Type  ; Severity ; Details              ;
+------+-------+----------+----------------------+
; slt  ; Input ; Info     ; Stuck at GND         ;
+------+-------+----------+----------------------+


+------------------------------------------------+
; Port Connectivity Checks: "ULA_1bit:ULA_BIT28" ;
+------+-------+----------+----------------------+
; Port ; Type  ; Severity ; Details              ;
+------+-------+----------+----------------------+
; slt  ; Input ; Info     ; Stuck at GND         ;
+------+-------+----------+----------------------+


+------------------------------------------------+
; Port Connectivity Checks: "ULA_1bit:ULA_BIT27" ;
+------+-------+----------+----------------------+
; Port ; Type  ; Severity ; Details              ;
+------+-------+----------+----------------------+
; slt  ; Input ; Info     ; Stuck at GND         ;
+------+-------+----------+----------------------+


+------------------------------------------------+
; Port Connectivity Checks: "ULA_1bit:ULA_BIT26" ;
+------+-------+----------+----------------------+
; Port ; Type  ; Severity ; Details              ;
+------+-------+----------+----------------------+
; slt  ; Input ; Info     ; Stuck at GND         ;
+------+-------+----------+----------------------+


+------------------------------------------------+
; Port Connectivity Checks: "ULA_1bit:ULA_BIT25" ;
+------+-------+----------+----------------------+
; Port ; Type  ; Severity ; Details              ;
+------+-------+----------+----------------------+
; slt  ; Input ; Info     ; Stuck at GND         ;
+------+-------+----------+----------------------+


+------------------------------------------------+
; Port Connectivity Checks: "ULA_1bit:ULA_BIT24" ;
+------+-------+----------+----------------------+
; Port ; Type  ; Severity ; Details              ;
+------+-------+----------+----------------------+
; slt  ; Input ; Info     ; Stuck at GND         ;
+------+-------+----------+----------------------+


+------------------------------------------------+
; Port Connectivity Checks: "ULA_1bit:ULA_BIT23" ;
+------+-------+----------+----------------------+
; Port ; Type  ; Severity ; Details              ;
+------+-------+----------+----------------------+
; slt  ; Input ; Info     ; Stuck at GND         ;
+------+-------+----------+----------------------+


+------------------------------------------------+
; Port Connectivity Checks: "ULA_1bit:ULA_BIT22" ;
+------+-------+----------+----------------------+
; Port ; Type  ; Severity ; Details              ;
+------+-------+----------+----------------------+
; slt  ; Input ; Info     ; Stuck at GND         ;
+------+-------+----------+----------------------+


+------------------------------------------------+
; Port Connectivity Checks: "ULA_1bit:ULA_BIT21" ;
+------+-------+----------+----------------------+
; Port ; Type  ; Severity ; Details              ;
+------+-------+----------+----------------------+
; slt  ; Input ; Info     ; Stuck at GND         ;
+------+-------+----------+----------------------+


+------------------------------------------------+
; Port Connectivity Checks: "ULA_1bit:ULA_BIT20" ;
+------+-------+----------+----------------------+
; Port ; Type  ; Severity ; Details              ;
+------+-------+----------+----------------------+
; slt  ; Input ; Info     ; Stuck at GND         ;
+------+-------+----------+----------------------+


+------------------------------------------------+
; Port Connectivity Checks: "ULA_1bit:ULA_BIT19" ;
+------+-------+----------+----------------------+
; Port ; Type  ; Severity ; Details              ;
+------+-------+----------+----------------------+
; slt  ; Input ; Info     ; Stuck at GND         ;
+------+-------+----------+----------------------+


+------------------------------------------------+
; Port Connectivity Checks: "ULA_1bit:ULA_BIT18" ;
+------+-------+----------+----------------------+
; Port ; Type  ; Severity ; Details              ;
+------+-------+----------+----------------------+
; slt  ; Input ; Info     ; Stuck at GND         ;
+------+-------+----------+----------------------+


+------------------------------------------------+
; Port Connectivity Checks: "ULA_1bit:ULA_BIT17" ;
+------+-------+----------+----------------------+
; Port ; Type  ; Severity ; Details              ;
+------+-------+----------+----------------------+
; slt  ; Input ; Info     ; Stuck at GND         ;
+------+-------+----------+----------------------+


+------------------------------------------------+
; Port Connectivity Checks: "ULA_1bit:ULA_BIT16" ;
+------+-------+----------+----------------------+
; Port ; Type  ; Severity ; Details              ;
+------+-------+----------+----------------------+
; slt  ; Input ; Info     ; Stuck at GND         ;
+------+-------+----------+----------------------+


+------------------------------------------------+
; Port Connectivity Checks: "ULA_1bit:ULA_BIT15" ;
+------+-------+----------+----------------------+
; Port ; Type  ; Severity ; Details              ;
+------+-------+----------+----------------------+
; slt  ; Input ; Info     ; Stuck at GND         ;
+------+-------+----------+----------------------+


+------------------------------------------------+
; Port Connectivity Checks: "ULA_1bit:ULA_BIT14" ;
+------+-------+----------+----------------------+
; Port ; Type  ; Severity ; Details              ;
+------+-------+----------+----------------------+
; slt  ; Input ; Info     ; Stuck at GND         ;
+------+-------+----------+----------------------+


+------------------------------------------------+
; Port Connectivity Checks: "ULA_1bit:ULA_BIT13" ;
+------+-------+----------+----------------------+
; Port ; Type  ; Severity ; Details              ;
+------+-------+----------+----------------------+
; slt  ; Input ; Info     ; Stuck at GND         ;
+------+-------+----------+----------------------+


+------------------------------------------------+
; Port Connectivity Checks: "ULA_1bit:ULA_BIT12" ;
+------+-------+----------+----------------------+
; Port ; Type  ; Severity ; Details              ;
+------+-------+----------+----------------------+
; slt  ; Input ; Info     ; Stuck at GND         ;
+------+-------+----------+----------------------+


+------------------------------------------------+
; Port Connectivity Checks: "ULA_1bit:ULA_BIT11" ;
+------+-------+----------+----------------------+
; Port ; Type  ; Severity ; Details              ;
+------+-------+----------+----------------------+
; slt  ; Input ; Info     ; Stuck at GND         ;
+------+-------+----------+----------------------+


+------------------------------------------------+
; Port Connectivity Checks: "ULA_1bit:ULA_BIT10" ;
+------+-------+----------+----------------------+
; Port ; Type  ; Severity ; Details              ;
+------+-------+----------+----------------------+
; slt  ; Input ; Info     ; Stuck at GND         ;
+------+-------+----------+----------------------+


+-----------------------------------------------+
; Port Connectivity Checks: "ULA_1bit:ULA_BIT9" ;
+------+-------+----------+---------------------+
; Port ; Type  ; Severity ; Details             ;
+------+-------+----------+---------------------+
; slt  ; Input ; Info     ; Stuck at GND        ;
+------+-------+----------+---------------------+


+-----------------------------------------------+
; Port Connectivity Checks: "ULA_1bit:ULA_BIT8" ;
+------+-------+----------+---------------------+
; Port ; Type  ; Severity ; Details             ;
+------+-------+----------+---------------------+
; slt  ; Input ; Info     ; Stuck at GND        ;
+------+-------+----------+---------------------+


+-----------------------------------------------+
; Port Connectivity Checks: "ULA_1bit:ULA_BIT7" ;
+------+-------+----------+---------------------+
; Port ; Type  ; Severity ; Details             ;
+------+-------+----------+---------------------+
; slt  ; Input ; Info     ; Stuck at GND        ;
+------+-------+----------+---------------------+


+-----------------------------------------------+
; Port Connectivity Checks: "ULA_1bit:ULA_BIT6" ;
+------+-------+----------+---------------------+
; Port ; Type  ; Severity ; Details             ;
+------+-------+----------+---------------------+
; slt  ; Input ; Info     ; Stuck at GND        ;
+------+-------+----------+---------------------+


+-----------------------------------------------+
; Port Connectivity Checks: "ULA_1bit:ULA_BIT5" ;
+------+-------+----------+---------------------+
; Port ; Type  ; Severity ; Details             ;
+------+-------+----------+---------------------+
; slt  ; Input ; Info     ; Stuck at GND        ;
+------+-------+----------+---------------------+


+-----------------------------------------------+
; Port Connectivity Checks: "ULA_1bit:ULA_BIT4" ;
+------+-------+----------+---------------------+
; Port ; Type  ; Severity ; Details             ;
+------+-------+----------+---------------------+
; slt  ; Input ; Info     ; Stuck at GND        ;
+------+-------+----------+---------------------+


+-----------------------------------------------+
; Port Connectivity Checks: "ULA_1bit:ULA_BIT3" ;
+------+-------+----------+---------------------+
; Port ; Type  ; Severity ; Details             ;
+------+-------+----------+---------------------+
; slt  ; Input ; Info     ; Stuck at GND        ;
+------+-------+----------+---------------------+


+-----------------------------------------------+
; Port Connectivity Checks: "ULA_1bit:ULA_BIT2" ;
+------+-------+----------+---------------------+
; Port ; Type  ; Severity ; Details             ;
+------+-------+----------+---------------------+
; slt  ; Input ; Info     ; Stuck at GND        ;
+------+-------+----------+---------------------+


+-----------------------------------------------+
; Port Connectivity Checks: "ULA_1bit:ULA_BIT1" ;
+------+-------+----------+---------------------+
; Port ; Type  ; Severity ; Details             ;
+------+-------+----------+---------------------+
; slt  ; Input ; Info     ; Stuck at GND        ;
+------+-------+----------+---------------------+


+-----------------------------------------------------+
; Post-Synthesis Netlist Statistics for Top Partition ;
+-----------------------+-----------------------------+
; Type                  ; Count                       ;
+-----------------------+-----------------------------+
; arriav_lcell_comb     ; 120                         ;
;     normal            ; 120                         ;
;         2 data inputs ; 42                          ;
;         3 data inputs ; 6                           ;
;         4 data inputs ; 15                          ;
;         5 data inputs ; 28                          ;
;         6 data inputs ; 29                          ;
; boundary_port         ; 102                         ;
;                       ;                             ;
; Max LUT depth         ; 15.00                       ;
; Average LUT depth     ; 10.96                       ;
+-----------------------+-----------------------------+


+-------------------------------+
; Elapsed Time Per Partition    ;
+----------------+--------------+
; Partition Name ; Elapsed Time ;
+----------------+--------------+
; Top            ; 00:00:00     ;
+----------------+--------------+


+-------------------------------+
; Analysis & Synthesis Messages ;
+-------------------------------+
Info: *******************************************************************
Info: Running Quartus Prime Analysis & Synthesis
    Info: Version 20.1.0 Build 711 06/05/2020 SJ Lite Edition
    Info: Processing started: Fri Nov 18 14:47:49 2022
Info: Command: quartus_map --read_settings_files=on --write_settings_files=off mips -c mips
Warning (18236): Number of processors has not been specified which may cause overloading on shared machines.  Set the global assignment NUM_PARALLEL_PROCESSORS in your QSF to an appropriate value for best performance.
Info (20030): Parallel compilation is enabled and will use 4 of the 4 processors detected
Info (12021): Found 2 design units, including 1 entities, in source file ula_1bit.vhd
    Info (12022): Found design unit 1: ULA_1bit-arquitetura File: C:/intelFPGA_lite/20.1/projetos/entrega-mips/ULA_1bit.vhd Line: 19
    Info (12023): Found entity 1: ULA_1bit File: C:/intelFPGA_lite/20.1/projetos/entrega-mips/ULA_1bit.vhd Line: 5
Info (12021): Found 2 design units, including 1 entities, in source file ula.vhd
    Info (12022): Found design unit 1: ULA-arquitetura File: C:/intelFPGA_lite/20.1/projetos/entrega-mips/ULA.vhd Line: 19
    Info (12023): Found entity 1: ULA File: C:/intelFPGA_lite/20.1/projetos/entrega-mips/ULA.vhd Line: 5
Info (12021): Found 2 design units, including 1 entities, in source file somadorula.vhd
    Info (12022): Found design unit 1: somadorULA-arquitetura File: C:/intelFPGA_lite/20.1/projetos/entrega-mips/somadorULA.vhd Line: 16
    Info (12023): Found entity 1: somadorULA File: C:/intelFPGA_lite/20.1/projetos/entrega-mips/somadorULA.vhd Line: 5
Info (12021): Found 2 design units, including 1 entities, in source file muxgenerico4x1 _1bit.vhd
    Info (12022): Found design unit 1: muxGenerico4x1_1bit-comportamento File: C:/intelFPGA_lite/20.1/projetos/entrega-mips/muxGenerico4x1 _1bit.vhd Line: 12
    Info (12023): Found entity 1: muxGenerico4x1_1bit File: C:/intelFPGA_lite/20.1/projetos/entrega-mips/muxGenerico4x1 _1bit.vhd Line: 4
Info (12021): Found 2 design units, including 1 entities, in source file muxgenerico2x1_1bit.vhd
    Info (12022): Found design unit 1: muxGenerico2x1_1bit-comportamento File: C:/intelFPGA_lite/20.1/projetos/entrega-mips/muxGenerico2x1_1bit.vhd Line: 12
    Info (12023): Found entity 1: muxGenerico2x1_1bit File: C:/intelFPGA_lite/20.1/projetos/entrega-mips/muxGenerico2x1_1bit.vhd Line: 4
Info (12127): Elaborating entity "ULA" for the top level hierarchy
Info (12128): Elaborating entity "ULA_1bit" for hierarchy "ULA_1bit:ULA_BIT0" File: C:/intelFPGA_lite/20.1/projetos/entrega-mips/ULA.vhd Line: 29
Info (12128): Elaborating entity "muxGenerico2x1_1bit" for hierarchy "ULA_1bit:ULA_BIT0|muxGenerico2x1_1bit:MUX_ENTB" File: C:/intelFPGA_lite/20.1/projetos/entrega-mips/ULA_1bit.vhd Line: 26
Info (12128): Elaborating entity "somadorULA" for hierarchy "ULA_1bit:ULA_BIT0|somadorULA:SOMADOR" File: C:/intelFPGA_lite/20.1/projetos/entrega-mips/ULA_1bit.vhd Line: 34
Info (12128): Elaborating entity "muxGenerico4x1_1bit" for hierarchy "ULA_1bit:ULA_BIT0|muxGenerico4x1_1bit:MUX_RESULTADO" File: C:/intelFPGA_lite/20.1/projetos/entrega-mips/ULA_1bit.vhd Line: 43
Info (286030): Timing-Driven Synthesis is running
Info (16010): Generating hard_block partition "hard_block:auto_generated_inst"
    Info (16011): Adding 0 node(s), including 0 DDIO, 0 PLL, 0 transceiver and 0 LCELL
Info (21057): Implemented 222 device resources after synthesis - the final resource count might be different
    Info (21058): Implemented 67 input pins
    Info (21059): Implemented 35 output pins
    Info (21061): Implemented 120 logic cells
Info: Quartus Prime Analysis & Synthesis was successful. 0 errors, 1 warning
    Info: Peak virtual memory: 4844 megabytes
    Info: Processing ended: Fri Nov 18 14:47:59 2022
    Info: Elapsed time: 00:00:10
    Info: Total CPU time (on all processors): 00:00:22


